0 silly argv { _: [ 'version' ], lernaVersion: '4.0.0', '$0': 'lerna' }
1 notice cli v4.0.0
2 verbose rootPath /Users/weiliye/Desktop/resource-code-collection/lerna
3 info current version 0.0.6
4 silly isAnythingCommitted
5 verbose isAnythingCommitted 1
6 silly getCurrentBranch
7 verbose currentBranch master
8 silly remoteBranchExists
9 silly isBehindUpstream
10 silly isBehindUpstream master is behind origin/master by 0 commit(s) and ahead by 0
11 silly hasTags
12 verbose hasTags true
13 silly git-describe.sync "v0.0.6-2-g2496a25" => {"lastTagName":"v0.0.6","lastVersion":"v0.0.6","refCount":"2","sha":"2496a25","isDirty":false}
14 info Looking for changed packages since v0.0.6
15 silly checking diff bricks/monitor-alert
16 silly found diff in bricks/monitor-alert/package.json
17 verbose filtered diff [ 'bricks/monitor-alert/package.json' ]
18 silly checking diff bricks/monitor-collect
19 silly found diff in bricks/monitor-collect/package.json
20 verbose filtered diff [ 'bricks/monitor-collect/package.json' ]
21 verbose updated weili-monitor-alert
22 verbose updated weili-monitor-collect
23 verbose git-describe undefined => "v0.0.6-2-g2496a25"
24 silly git-describe parsed => {"lastTagName":"v0.0.6","lastVersion":"v0.0.6","refCount":"2","sha":"2496a25","isDirty":false}
25 info execute Skipping releases
26 silly lifecycle No script for "preversion" in "weili-lerna-study", continuing
27 silly lifecycle No script for "preversion" in "weili-monitor-alert", continuing
28 silly lifecycle No script for "preversion" in "weili-monitor-collect", continuing
29 silly lifecycle No script for "version" in "weili-monitor-alert", continuing
30 silly lifecycle No script for "version" in "weili-monitor-collect", continuing
31 silly lifecycle No script for "version" in "weili-lerna-study", continuing
32 silly gitAdd [
32 silly gitAdd   'bricks/monitor-alert/package.json',
32 silly gitAdd   'bricks/monitor-alert/package-lock.json',
32 silly gitAdd   'bricks/monitor-collect/package.json',
32 silly gitAdd   'bricks/monitor-collect/package-lock.json',
32 silly gitAdd   'lerna.json'
32 silly gitAdd ]
33 silly gitCommit v0.0.7
34 verbose git [ 'commit', '-m', 'v0.0.7' ]
35 silly gitTag v0.0.7
36 verbose git [ 'tag', 'v0.0.7', '-m', 'v0.0.7' ]
37 error Error: Command failed with exit code 128: git tag v0.0.7 -m v0.0.7
37 error fatal: tag 'v0.0.7' already exists
37 error     at makeError (/Users/weiliye/.nvm/versions/node/v16.13.2/lib/node_modules/lerna/node_modules/execa/lib/error.js:60:11)
37 error     at handlePromise (/Users/weiliye/.nvm/versions/node/v16.13.2/lib/node_modules/lerna/node_modules/execa/index.js:118:26)
37 error     at processTicksAndRejections (node:internal/process/task_queues:96:5)
37 error     at async Promise.all (index 0)
