Arguments: 
  /Users/weiliye/.nvm/versions/node/v16.13.2/bin/node /Users/weiliye/.nvm/versions/node/v16.13.2/bin/yarn add moment --dev

PATH: 
  /Users/weiliye/.nvm/versions/node/v16.13.2/bin:/opt/homebrew/bin:/opt/homebrew/sbin:/usr/local/bin:/usr/bin:/bin:/usr/sbin:/sbin:/Users/weiliye/.nvm/versions/node/v16.13.2/bin:/opt/homebrew/bin:/opt/homebrew/sbin

Yarn version: 
  1.22.18

Node version: 
  16.13.2

Platform: 
  darwin arm64

Trace: 
  Error: https://registry.yarnpkg.com/moment: ETIMEDOUT
      at Timeout._onTimeout (/Users/weiliye/.nvm/versions/node/v16.13.2/lib/node_modules/yarn/lib/cli.js:141543:19)
      at listOnTimeout (node:internal/timers:557:17)
      at processTimers (node:internal/timers:500:7)

npm manifest: 
  {
    "name": "monitor-collect",
    "version": "0.0.0",
    "description": "> TODO: description",
    "author": "yeweili <782312713@qq.com>",
    "homepage": "",
    "license": "ISC",
    "main": "lib/monitor-collect.js",
    "directories": {
      "lib": "lib",
      "test": "__tests__"
    },
    "files": [
      "lib"
    ],
    "repository": {
      "type": "git",
      "url": "https://gitee.com/yeweili/resource-code-collection.git"
    },
    "scripts": {
      "test": "echo \"Error: run tests from root\" && exit 1"
    }
  }

yarn manifest: 
  No manifest

Lockfile: 
  No lockfile
